<?xml version="1.0" encoding="UTF-8"?>
<testsuite name="com.example.fileuploadprocess.FileUploadProcessApplicationTests" tests="1" skipped="0" failures="0" errors="0" timestamp="2024-01-25T04:25:00" hostname="LAMPC" time="0.831">
  <properties/>
  <testcase name="contextLoads()" classname="com.example.fileuploadprocess.FileUploadProcessApplicationTests" time="0.831"/>
  <system-out><![CDATA[11:24:57.706 [Test worker] INFO org.springframework.test.context.support.AnnotationConfigContextLoaderUtils -- Could not detect default configuration classes for test class [com.example.fileuploadprocess.FileUploadProcessApplicationTests]: FileUploadProcessApplicationTests does not declare any static, non-private, non-final, nested classes annotated with @Configuration.
11:24:57.899 [Test worker] INFO org.springframework.boot.test.context.SpringBootTestContextBootstrapper -- Found @SpringBootConfiguration com.example.fileuploadprocess.FileUploadProcessApplication for test class com.example.fileuploadprocess.FileUploadProcessApplicationTests

  .   ____          _            __ _ _
 /\\ / ___'_ __ _ _(_)_ __  __ _ \ \ \ \
( ( )\___ | '_ | '_| | '_ \/ _` | \ \ \ \
 \\/  ___)| |_)| | | | | || (_| |  ) ) ) )
  '  |____| .__|_| |_|_| |_\__, | / / / /
 =========|_|==============|___/=/_/_/_/
 :: Spring Boot ::                (v3.2.2)

2024-01-25T11:24:58.483+07:00  INFO 16884 --- [    Test worker] c.e.f.FileUploadProcessApplicationTests  : Starting FileUploadProcessApplicationTests using Java 17.0.8 with PID 16884 (started by Admin in C:\Users\Admin\IdeaProjects\FileUploadProcess)
2024-01-25T11:24:58.486+07:00  INFO 16884 --- [    Test worker] c.e.f.FileUploadProcessApplicationTests  : No active profile set, falling back to 1 default profile: "default"
2024-01-25T11:25:00.173+07:00  INFO 16884 --- [    Test worker] c.e.f.FileUploadProcessApplicationTests  : Started FileUploadProcessApplicationTests in 1.987 seconds (process running for 3.548)
]]></system-out>
  <system-err><![CDATA[]]></system-err>
</testsuite>
